The system is: Darwin - 9.8.0 - i386
Compiling the C compiler identification source file "CMakeCCompilerId.c" succeeded.
Compiler: /usr/bin/gcc 
Build flags: 
Id flags: 

The output was:
0


Compilation of the C compiler identification source "CMakeCCompilerId.c" produced "a.out"

The C compiler identification is GNU, found in "/Developement/Projects/Freya/Build/CMakeFiles/CompilerIdC/a.out"

Compiling the CXX compiler identification source file "CMakeCXXCompilerId.cpp" succeeded.
Compiler: /usr/bin/g++ 
Build flags: 
Id flags: 

The output was:
0
CMakeCXXCompilerId.cpp:67: warning: deprecated conversion from string constant to 'char*'
CMakeCXXCompilerId.cpp:157: warning: deprecated conversion from string constant to 'char*'


Compilation of the CXX compiler identification source "CMakeCXXCompilerId.cpp" produced "a.out"

The CXX compiler identification is GNU, found in "/Developement/Projects/Freya/Build/CMakeFiles/CompilerIdCXX/a.out"

Determining if the C compiler works passed with the following output:
Change Dir: /Developement/Projects/Freya/Build/CMakeFiles/CMakeTmp

Run Build Command:/opt/local/bin/cmakexbuild -project CMAKE_TRY_COMPILE.xcodeproj build -target cmTryCompileExec -configuration Debug
=== BUILDING NATIVE TARGET cmTryCompileExec OF PROJECT CMAKE_TRY_COMPILE WITH CONFIGURATION Debug ===

Checking Dependencies...

PhaseScriptExecution /Developement/Projects/Freya/Build/CMakeFiles/CMakeTmp/CMAKE_TRY_COMPILE.build/Debug/cmTryCompileExec.build/Script-789EE0789EE0789EE0000000.sh
    cd /Developement/Projects/Freya/Build/CMakeFiles/CMakeTmp
    /bin/sh -c /Developement/Projects/Freya/Build/CMakeFiles/CMakeTmp/CMAKE_TRY_COMPILE.build/Debug/cmTryCompileExec.build/Script-789EE0789EE0789EE0000000.sh
make: `CMakeFiles/cmake.check_cache' is up to date.

CompileC CMAKE_TRY_COMPILE.build/Debug/cmTryCompileExec.build/Objects-normal/i386/testCCompiler.o /Developement/Projects/Freya/Build/CMakeFiles/CMakeTmp/testCCompiler.c normal i386 c com.apple.compilers.gcc.4_0
    cd /Developement/Projects/Freya/Build/CMakeFiles/CMakeTmp
    /Developer/usr/bin/gcc-4.0 -x c -arch i386 -fmessage-length=0 -pipe -Wno-trigraphs -fpascal-strings -fasm-blocks -O0 -mdynamic-no-pic -DCMAKE_INTDIR="Debug" -gdwarf-2 -Wmost -Wno-four-char-constants -Wno-unknown-pragmas -F/Developement/Projects/Freya/Build/CMakeFiles/CMakeTmp/Debug -I/Developement/Projects/Freya/Build/CMakeFiles/CMakeTmp/Debug/include -I/Developement/Projects/Freya/Build/CMakeFiles/CMakeTmp/CMAKE_TRY_COMPILE.build/Debug/cmTryCompileExec.build/DerivedSources/i386 -I/Developement/Projects/Freya/Build/CMakeFiles/CMakeTmp/CMAKE_TRY_COMPILE.build/Debug/cmTryCompileExec.build/DerivedSources -c /Developement/Projects/Freya/Build/CMakeFiles/CMakeTmp/testCCompiler.c -o /Developement/Projects/Freya/Build/CMakeFiles/CMakeTmp/CMAKE_TRY_COMPILE.build/Debug/cmTryCompileExec.build/Objects-normal/i386/testCCompiler.o

Ld /Developement/Projects/Freya/Build/CMakeFiles/CMakeTmp/Debug/cmTryCompileExec normal i386
    mkdir /Developement/Projects/Freya/Build/CMakeFiles/CMakeTmp/Debug
    cd /Developement/Projects/Freya/Build/CMakeFiles/CMakeTmp
    /Developer/usr/bin/gcc-4.0 -arch i386 -L/Developement/Projects/Freya/Build/CMakeFiles/CMakeTmp/Debug -F/Developement/Projects/Freya/Build/CMakeFiles/CMakeTmp/Debug -filelist /Developement/Projects/Freya/Build/CMakeFiles/CMakeTmp/CMAKE_TRY_COMPILE.build/Debug/cmTryCompileExec.build/Objects-normal/i386/cmTryCompileExec.LinkFileList -Wl,-search_paths_first -headerpad_max_install_names -o /Developement/Projects/Freya/Build/CMakeFiles/CMakeTmp/Debug/cmTryCompileExec

PhaseScriptExecution /Developement/Projects/Freya/Build/CMakeFiles/CMakeTmp/CMAKE_TRY_COMPILE.build/Debug/cmTryCompileExec.build/Script-78A4C078A4C078A4C0000000.sh
    cd /Developement/Projects/Freya/Build/CMakeFiles/CMakeTmp
    /bin/sh -c /Developement/Projects/Freya/Build/CMakeFiles/CMakeTmp/CMAKE_TRY_COMPILE.build/Debug/cmTryCompileExec.build/Script-78A4C078A4C078A4C0000000.sh
echo "Depend check for xcode"
Depend check for xcode
cd /Developement/Projects/Freya/Build/CMakeFiles/CMakeTmp && make -C /Developement/Projects/Freya/Build/CMakeFiles/CMakeTmp -f /Developement/Projects/Freya/Build/CMakeFiles/CMakeTmp/CMakeScripts/XCODE_DEPEND_HELPER.make all.Debug
make[1]: Nothing to be done for `all.Debug'.
** BUILD SUCCEEDED **


Detecting C compiler ABI info compiled with the following output:
Change Dir: /Developement/Projects/Freya/Build/CMakeFiles/CMakeTmp

Run Build Command:/opt/local/bin/cmakexbuild -project CMAKE_TRY_COMPILE.xcodeproj build -target cmTryCompileExec -configuration Debug
=== BUILDING NATIVE TARGET cmTryCompileExec OF PROJECT CMAKE_TRY_COMPILE WITH CONFIGURATION Debug ===

Checking Dependencies...

PhaseScriptExecution /Developement/Projects/Freya/Build/CMakeFiles/CMakeTmp/CMAKE_TRY_COMPILE.build/Debug/cmTryCompileExec.build/Script-78EA7078EA7078EA70000000.sh
    cd /Developement/Projects/Freya/Build/CMakeFiles/CMakeTmp
    /bin/sh -c /Developement/Projects/Freya/Build/CMakeFiles/CMakeTmp/CMAKE_TRY_COMPILE.build/Debug/cmTryCompileExec.build/Script-78EA7078EA7078EA70000000.sh
make: `CMakeFiles/cmake.check_cache' is up to date.

CompileC CMAKE_TRY_COMPILE.build/Debug/cmTryCompileExec.build/Objects-normal/i386/CMakeCCompilerABI.o /opt/local/share/cmake-2.6/Modules/CMakeCCompilerABI.c normal i386 c com.apple.compilers.gcc.4_0
    cd /Developement/Projects/Freya/Build/CMakeFiles/CMakeTmp
    /Developer/usr/bin/gcc-4.0 -x c -arch i386 -fmessage-length=0 -pipe -Wno-trigraphs -fpascal-strings -fasm-blocks -O0 -mdynamic-no-pic -DCMAKE_INTDIR="Debug" -gdwarf-2 -Wmost -Wno-four-char-constants -Wno-unknown-pragmas -F/Developement/Projects/Freya/Build/CMakeFiles/CMakeTmp/Debug -I/Developement/Projects/Freya/Build/CMakeFiles/CMakeTmp/Debug/include -I/Developement/Projects/Freya/Build/CMakeFiles/CMakeTmp/CMAKE_TRY_COMPILE.build/Debug/cmTryCompileExec.build/DerivedSources/i386 -I/Developement/Projects/Freya/Build/CMakeFiles/CMakeTmp/CMAKE_TRY_COMPILE.build/Debug/cmTryCompileExec.build/DerivedSources -c /opt/local/share/cmake-2.6/Modules/CMakeCCompilerABI.c -o /Developement/Projects/Freya/Build/CMakeFiles/CMakeTmp/CMAKE_TRY_COMPILE.build/Debug/cmTryCompileExec.build/Objects-normal/i386/CMakeCCompilerABI.o

Ld /Developement/Projects/Freya/Build/CMakeFiles/CMakeTmp/Debug/cmTryCompileExec normal i386
    cd /Developement/Projects/Freya/Build/CMakeFiles/CMakeTmp
    /Developer/usr/bin/gcc-4.0 -arch i386 -L/Developement/Projects/Freya/Build/CMakeFiles/CMakeTmp/Debug -F/Developement/Projects/Freya/Build/CMakeFiles/CMakeTmp/Debug -filelist /Developement/Projects/Freya/Build/CMakeFiles/CMakeTmp/CMAKE_TRY_COMPILE.build/Debug/cmTryCompileExec.build/Objects-normal/i386/cmTryCompileExec.LinkFileList -Wl,-search_paths_first -headerpad_max_install_names -o /Developement/Projects/Freya/Build/CMakeFiles/CMakeTmp/Debug/cmTryCompileExec

PhaseScriptExecution /Developement/Projects/Freya/Build/CMakeFiles/CMakeTmp/CMAKE_TRY_COMPILE.build/Debug/cmTryCompileExec.build/Script-78F1A078F1A078F1A0000000.sh
    cd /Developement/Projects/Freya/Build/CMakeFiles/CMakeTmp
    /bin/sh -c /Developement/Projects/Freya/Build/CMakeFiles/CMakeTmp/CMAKE_TRY_COMPILE.build/Debug/cmTryCompileExec.build/Script-78F1A078F1A078F1A0000000.sh
echo "Depend check for xcode"
Depend check for xcode
cd /Developement/Projects/Freya/Build/CMakeFiles/CMakeTmp && make -C /Developement/Projects/Freya/Build/CMakeFiles/CMakeTmp -f /Developement/Projects/Freya/Build/CMakeFiles/CMakeTmp/CMakeScripts/XCODE_DEPEND_HELPER.make all.Debug
make[1]: Nothing to be done for `all.Debug'.
** BUILD SUCCEEDED **


Determining if the CXX compiler works passed with the following output:
Change Dir: /Developement/Projects/Freya/Build/CMakeFiles/CMakeTmp

Run Build Command:/opt/local/bin/cmakexbuild -project CMAKE_TRY_COMPILE.xcodeproj build -target cmTryCompileExec -configuration Debug
=== BUILDING NATIVE TARGET cmTryCompileExec OF PROJECT CMAKE_TRY_COMPILE WITH CONFIGURATION Debug ===

Checking Dependencies...

PhaseScriptExecution /Developement/Projects/Freya/Build/CMakeFiles/CMakeTmp/CMAKE_TRY_COMPILE.build/Debug/cmTryCompileExec.build/Script-78E0E078E0E078E0E0000000.sh
    cd /Developement/Projects/Freya/Build/CMakeFiles/CMakeTmp
    /bin/sh -c /Developement/Projects/Freya/Build/CMakeFiles/CMakeTmp/CMAKE_TRY_COMPILE.build/Debug/cmTryCompileExec.build/Script-78E0E078E0E078E0E0000000.sh
make: `CMakeFiles/cmake.check_cache' is up to date.

CompileC CMAKE_TRY_COMPILE.build/Debug/cmTryCompileExec.build/Objects-normal/i386/testCXXCompiler.o /Developement/Projects/Freya/Build/CMakeFiles/CMakeTmp/testCXXCompiler.cxx normal i386 c++ com.apple.compilers.gcc.4_0
    cd /Developement/Projects/Freya/Build/CMakeFiles/CMakeTmp
    /Developer/usr/bin/gcc-4.0 -x c++ -arch i386 -fmessage-length=0 -pipe -Wno-trigraphs -fpascal-strings -fasm-blocks -O0 -mdynamic-no-pic -DCMAKE_INTDIR="Debug" -gdwarf-2 -Wmost -Wno-four-char-constants -Wno-unknown-pragmas -F/Developement/Projects/Freya/Build/CMakeFiles/CMakeTmp/Debug -I/Developement/Projects/Freya/Build/CMakeFiles/CMakeTmp/Debug/include -I/Developement/Projects/Freya/Build/CMakeFiles/CMakeTmp/CMAKE_TRY_COMPILE.build/Debug/cmTryCompileExec.build/DerivedSources/i386 -I/Developement/Projects/Freya/Build/CMakeFiles/CMakeTmp/CMAKE_TRY_COMPILE.build/Debug/cmTryCompileExec.build/DerivedSources -c /Developement/Projects/Freya/Build/CMakeFiles/CMakeTmp/testCXXCompiler.cxx -o /Developement/Projects/Freya/Build/CMakeFiles/CMakeTmp/CMAKE_TRY_COMPILE.build/Debug/cmTryCompileExec.build/Objects-normal/i386/testCXXCompiler.o

Ld /Developement/Projects/Freya/Build/CMakeFiles/CMakeTmp/Debug/cmTryCompileExec normal i386
    cd /Developement/Projects/Freya/Build/CMakeFiles/CMakeTmp
    /Developer/usr/bin/g++-4.0 -arch i386 -L/Developement/Projects/Freya/Build/CMakeFiles/CMakeTmp/Debug -F/Developement/Projects/Freya/Build/CMakeFiles/CMakeTmp/Debug -filelist /Developement/Projects/Freya/Build/CMakeFiles/CMakeTmp/CMAKE_TRY_COMPILE.build/Debug/cmTryCompileExec.build/Objects-normal/i386/cmTryCompileExec.LinkFileList -Wl,-search_paths_first -headerpad_max_install_names -o /Developement/Projects/Freya/Build/CMakeFiles/CMakeTmp/Debug/cmTryCompileExec

PhaseScriptExecution /Developement/Projects/Freya/Build/CMakeFiles/CMakeTmp/CMAKE_TRY_COMPILE.build/Debug/cmTryCompileExec.build/Script-78E81078E81078E810000000.sh
    cd /Developement/Projects/Freya/Build/CMakeFiles/CMakeTmp
    /bin/sh -c /Developement/Projects/Freya/Build/CMakeFiles/CMakeTmp/CMAKE_TRY_COMPILE.build/Debug/cmTryCompileExec.build/Script-78E81078E81078E810000000.sh
echo "Depend check for xcode"
Depend check for xcode
cd /Developement/Projects/Freya/Build/CMakeFiles/CMakeTmp && make -C /Developement/Projects/Freya/Build/CMakeFiles/CMakeTmp -f /Developement/Projects/Freya/Build/CMakeFiles/CMakeTmp/CMakeScripts/XCODE_DEPEND_HELPER.make all.Debug
make[1]: Nothing to be done for `all.Debug'.
** BUILD SUCCEEDED **


Detecting CXX compiler ABI info compiled with the following output:
Change Dir: /Developement/Projects/Freya/Build/CMakeFiles/CMakeTmp

Run Build Command:/opt/local/bin/cmakexbuild -project CMAKE_TRY_COMPILE.xcodeproj build -target cmTryCompileExec -configuration Debug
=== BUILDING NATIVE TARGET cmTryCompileExec OF PROJECT CMAKE_TRY_COMPILE WITH CONFIGURATION Debug ===

Checking Dependencies...

PhaseScriptExecution /Developement/Projects/Freya/Build/CMakeFiles/CMakeTmp/CMAKE_TRY_COMPILE.build/Debug/cmTryCompileExec.build/Script-793190793190793190000000.sh
    cd /Developement/Projects/Freya/Build/CMakeFiles/CMakeTmp
    /bin/sh -c /Developement/Projects/Freya/Build/CMakeFiles/CMakeTmp/CMAKE_TRY_COMPILE.build/Debug/cmTryCompileExec.build/Script-793190793190793190000000.sh
make: `CMakeFiles/cmake.check_cache' is up to date.

CompileC CMAKE_TRY_COMPILE.build/Debug/cmTryCompileExec.build/Objects-normal/i386/CMakeCXXCompilerABI.o /opt/local/share/cmake-2.6/Modules/CMakeCXXCompilerABI.cpp normal i386 c++ com.apple.compilers.gcc.4_0
    cd /Developement/Projects/Freya/Build/CMakeFiles/CMakeTmp
    /Developer/usr/bin/gcc-4.0 -x c++ -arch i386 -fmessage-length=0 -pipe -Wno-trigraphs -fpascal-strings -fasm-blocks -O0 -mdynamic-no-pic -DCMAKE_INTDIR="Debug" -gdwarf-2 -Wmost -Wno-four-char-constants -Wno-unknown-pragmas -F/Developement/Projects/Freya/Build/CMakeFiles/CMakeTmp/Debug -I/Developement/Projects/Freya/Build/CMakeFiles/CMakeTmp/Debug/include -I/Developement/Projects/Freya/Build/CMakeFiles/CMakeTmp/CMAKE_TRY_COMPILE.build/Debug/cmTryCompileExec.build/DerivedSources/i386 -I/Developement/Projects/Freya/Build/CMakeFiles/CMakeTmp/CMAKE_TRY_COMPILE.build/Debug/cmTryCompileExec.build/DerivedSources -c /opt/local/share/cmake-2.6/Modules/CMakeCXXCompilerABI.cpp -o /Developement/Projects/Freya/Build/CMakeFiles/CMakeTmp/CMAKE_TRY_COMPILE.build/Debug/cmTryCompileExec.build/Objects-normal/i386/CMakeCXXCompilerABI.o

Ld /Developement/Projects/Freya/Build/CMakeFiles/CMakeTmp/Debug/cmTryCompileExec normal i386
    cd /Developement/Projects/Freya/Build/CMakeFiles/CMakeTmp
    /Developer/usr/bin/g++-4.0 -arch i386 -L/Developement/Projects/Freya/Build/CMakeFiles/CMakeTmp/Debug -F/Developement/Projects/Freya/Build/CMakeFiles/CMakeTmp/Debug -filelist /Developement/Projects/Freya/Build/CMakeFiles/CMakeTmp/CMAKE_TRY_COMPILE.build/Debug/cmTryCompileExec.build/Objects-normal/i386/cmTryCompileExec.LinkFileList -Wl,-search_paths_first -headerpad_max_install_names -o /Developement/Projects/Freya/Build/CMakeFiles/CMakeTmp/Debug/cmTryCompileExec

PhaseScriptExecution /Developement/Projects/Freya/Build/CMakeFiles/CMakeTmp/CMAKE_TRY_COMPILE.build/Debug/cmTryCompileExec.build/Script-7938C07938C07938C0000000.sh
    cd /Developement/Projects/Freya/Build/CMakeFiles/CMakeTmp
    /bin/sh -c /Developement/Projects/Freya/Build/CMakeFiles/CMakeTmp/CMAKE_TRY_COMPILE.build/Debug/cmTryCompileExec.build/Script-7938C07938C07938C0000000.sh
echo "Depend check for xcode"
Depend check for xcode
cd /Developement/Projects/Freya/Build/CMakeFiles/CMakeTmp && make -C /Developement/Projects/Freya/Build/CMakeFiles/CMakeTmp -f /Developement/Projects/Freya/Build/CMakeFiles/CMakeTmp/CMakeScripts/XCODE_DEPEND_HELPER.make all.Debug
make[1]: Nothing to be done for `all.Debug'.
** BUILD SUCCEEDED **


